<?xml version="1.0" encoding="UTF-8"?>
<testng-results ignored="0" total="2" passed="2" failed="0" skipped="0">
  <reporter-output>
  </reporter-output>
  <suite started-at="2023-01-09T18:54:01 IST" name="Default suite" finished-at="2023-01-09T18:55:59 IST" duration-ms="118191">
    <groups>
    </groups>
    <test started-at="2023-01-09T18:54:01 IST" name="Default test" finished-at="2023-01-09T18:55:59 IST" duration-ms="118191">
      <class name="com.app.tests.MyntraTest">
        <test-method is-config="true" signature="setup()[pri:0, instance:com.app.tests.MyntraTest@201a4587]" started-at="2023-01-09T18:54:01 IST" name="setup" finished-at="2023-01-09T18:54:07 IST" duration-ms="5974" status="PASS">
          <reporter-output>
          </reporter-output>
        </test-method> <!-- setup -->
        <test-method signature="verifyCartBag()[pri:0, instance:com.app.tests.MyntraTest@201a4587]" started-at="2023-01-09T18:54:07 IST" name="verifyCartBag" finished-at="2023-01-09T18:55:15 IST" duration-ms="68200" status="PASS">
          <reporter-output>
          </reporter-output>
        </test-method> <!-- verifyCartBag -->
        <test-method is-config="true" signature="setup()[pri:0, instance:com.app.tests.MyntraTest@201a4587]" started-at="2023-01-09T18:55:15 IST" name="setup" finished-at="2023-01-09T18:55:21 IST" duration-ms="5855" status="PASS">
          <reporter-output>
          </reporter-output>
        </test-method> <!-- setup -->
        <test-method signature="verifyProfile()[pri:0, instance:com.app.tests.MyntraTest@201a4587]" started-at="2023-01-09T18:55:21 IST" name="verifyProfile" finished-at="2023-01-09T18:55:59 IST" duration-ms="37903" status="PASS">
          <reporter-output>
          </reporter-output>
        </test-method> <!-- verifyProfile -->
        <test-method is-config="true" signature="afterClass()[pri:0, instance:com.app.tests.MyntraTest@201a4587]" started-at="2023-01-09T18:55:59 IST" name="afterClass" finished-at="2023-01-09T18:55:59 IST" duration-ms="215" status="PASS">
          <reporter-output>
          </reporter-output>
        </test-method> <!-- afterClass -->
      </class> <!-- com.app.tests.MyntraTest -->
    </test> <!-- Default test -->
  </suite> <!-- Default suite -->
</testng-results>
