<?xml version="1.0" encoding="UTF-8"?>
<!-- Generated by org.testng.reporters.JUnitReportReporter -->
<testsuite hostname="INLEN8520046730" failures="0" tests="2" name="com.app.tests.MyntraTest" time="117.932" errors="0" timestamp="2023-01-09T18:55:59 IST" skipped="0">
  <testcase classname="com.app.tests.MyntraTest" name="verifyCartBag" time="74.174"/>
  <system-out/>
  <testcase classname="com.app.tests.MyntraTest" name="verifyProfile" time="43.758"/>
  <system-out/>
</testsuite> <!-- com.app.tests.MyntraTest -->
